#
# There is insufficient memory for the Java Runtime Environment to continue.
# Native memory allocation (malloc) failed to allocate 9280144 bytes. Error detail: Chunk::new
# Possible reasons:
#   The system is out of physical RAM or swap space
#   This process is running with CompressedOops enabled, and the Java Heap may be blocking the growth of the native heap
# Possible solutions:
#   Reduce memory load on the system
#   Increase physical memory or swap space
#   Check if swap backing store is full
#   Decrease Java heap size (-Xmx/-Xms)
#   Decrease number of Java threads
#   Decrease Java thread stack sizes (-Xss)
#   Set larger code cache with -XX:ReservedCodeCacheSize=
#   JVM is running with Unscaled Compressed Oops mode in which the Java heap is
#     placed in the first 4GB address space. The Java Heap base address is the
#     maximum limit for the native heap growth. Please use -XX:HeapBaseMinAddress
#     to set the Java Heap base and to place the Java Heap above 4GB virtual address.
# This output file may be truncated or incomplete.
#
#  Out of Memory Error (arena.cpp:162), pid=9524, tid=26080
#
# JRE version: Java(TM) SE Runtime Environment (24.0.2+12) (build 24.0.2+12-54)
# Java VM: Java HotSpot(TM) 64-Bit Server VM (24.0.2+12-54, mixed mode, sharing, tiered, compressed oops, compressed class ptrs, g1 gc, windows-amd64)
# No core dump will be written. Minidumps are not enabled by default on client versions of Windows
#

---------------  S U M M A R Y ------------

Command Line: -ea -Dfile.encoding=windows-1252 -Dstdout.encoding=windows-1252 -Dstderr.encoding=windows-1252 -XX:+ShowCodeDetailsInExceptionMessages org.testng.remote.RemoteTestNG -serport 50778 -protocol json -d C:\Users\Siddheshwar\Downloads\OpencartV121-master\OpencartV121-master\test-output C:\Users\Siddheshwar\Downloads\OpencartV121-master\OpencartV121-master\master.xml

Host: Intel(R) Core(TM) i3-1005G1 CPU @ 1.20GHz, 4 cores, 3G,  Windows 10 , 64 bit Build 19041 (10.0.19041.5915)
Time: Sat Jan 10 19:08:17 2026 India Standard Time elapsed time: 2.584073 seconds (0d 0h 0m 2s)

---------------  T H R E A D  ---------------

Current thread (0x0000020541146880):  JavaThread "C2 CompilerThread0" daemon [_thread_in_native, id=26080, stack(0x000000e477900000,0x000000e477a00000) (1024K)]


Current CompileTask:
C2:2584 2508       4       jdk.internal.classfile.impl.StackMapGenerator::processBlock (2767 bytes)

Stack: [0x000000e477900000,0x000000e477a00000]
Native frames: (J=compiled Java code, j=interpreted, Vv=VM code, C=native code)
V  [jvm.dll+0x730829]  (no source info available)
V  [jvm.dll+0x8d9da3]  (no source info available)
V  [jvm.dll+0x8dc28d]  (no source info available)
V  [jvm.dll+0x8dc903]  (no source info available)
V  [jvm.dll+0x2a9f56]  (no source info available)
V  [jvm.dll+0xced7f]  (no source info available)
V  [jvm.dll+0xcefdf]  (no source info available)
V  [jvm.dll+0x154c83]  (no source info available)
V  [jvm.dll+0x73604f]  (no source info available)
V  [jvm.dll+0x26f8dc]  (no source info available)
V  [jvm.dll+0x26e8ff]  (no source info available)
V  [jvm.dll+0x1e9c90]  (no source info available)
V  [jvm.dll+0x27e0cb]  (no source info available)
V  [jvm.dll+0x27c36a]  (no source info available)
V  [jvm.dll+0x42f396]  (no source info available)
V  [jvm.dll+0x87d9eb]  (no source info available)
V  [jvm.dll+0x72ef45]  (no source info available)
C  [ucrtbase.dll+0x21bb2]  (no source info available)
C  [KERNEL32.DLL+0x17374]  (no source info available)
C  [ntdll.dll+0x4cc91]  (no source info available)

Lock stack of current Java thread (top to bottom):


---------------  P R O C E S S  ---------------

Threads class SMR info:
_java_thread_list=0x00000205461ee770, length=12, elements={
0x000002054febacc0, 0x000002054112e490, 0x00000205411308e0, 0x0000020541134c00,
0x0000020541135340, 0x0000020541137230, 0x000002054113f5e0, 0x0000020541146880,
0x000002054115c020, 0x00000205411d3e10, 0x00000205411d4550, 0x0000020546124550
}

Java Threads: ( => current thread )
  0x000002054febacc0 JavaThread "main"                              [_thread_in_native, id=16388, stack(0x000000e476b00000,0x000000e476c00000) (1024K)]
  0x000002054112e490 JavaThread "Reference Handler"          daemon [_thread_blocked, id=14384, stack(0x000000e477300000,0x000000e477400000) (1024K)]
  0x00000205411308e0 JavaThread "Finalizer"                  daemon [_thread_blocked, id=25680, stack(0x000000e477400000,0x000000e477500000) (1024K)]
  0x0000020541134c00 JavaThread "Signal Dispatcher"          daemon [_thread_blocked, id=21268, stack(0x000000e477500000,0x000000e477600000) (1024K)]
  0x0000020541135340 JavaThread "Attach Listener"            daemon [_thread_blocked, id=22656, stack(0x000000e477600000,0x000000e477700000) (1024K)]
  0x0000020541137230 JavaThread "Service Thread"             daemon [_thread_blocked, id=9796, stack(0x000000e477700000,0x000000e477800000) (1024K)]
  0x000002054113f5e0 JavaThread "Monitor Deflation Thread"   daemon [_thread_blocked, id=10988, stack(0x000000e477800000,0x000000e477900000) (1024K)]
=>0x0000020541146880 JavaThread "C2 CompilerThread0"         daemon [_thread_in_native, id=26080, stack(0x000000e477900000,0x000000e477a00000) (1024K)]
  0x000002054115c020 JavaThread "C1 CompilerThread0"         daemon [_thread_blocked, id=10512, stack(0x000000e477a00000,0x000000e477b00000) (1024K)]
  0x00000205411d3e10 JavaThread "Notification Thread"        daemon [_thread_blocked, id=2828, stack(0x000000e477b00000,0x000000e477c00000) (1024K)]
  0x00000205411d4550 JavaThread "Common-Cleaner"             daemon [_thread_blocked, id=9152, stack(0x000000e477c00000,0x000000e477d00000) (1024K)]
  0x0000020546124550 JavaThread "ReaderThread"                      [_thread_in_native, id=13512, stack(0x000000e478100000,0x000000e478200000) (1024K)]
Total: 12

Other Threads:
  0x000002055213dda0 VMThread "VM Thread"                           [id=13772, stack(0x000000e477200000,0x000000e477300000) (1024K)]
  0x000002054111d800 WatcherThread "VM Periodic Task Thread"        [id=12984, stack(0x000000e477100000,0x000000e477200000) (1024K)]
  0x00000205520b35f0 WorkerThread "GC Thread#0"                     [id=16536, stack(0x000000e476c00000,0x000000e476d00000) (1024K)]
  0x00000205461f7200 WorkerThread "GC Thread#1"                     [id=21352, stack(0x000000e477d00000,0x000000e477e00000) (1024K)]
  0x0000020541f57830 WorkerThread "GC Thread#2"                     [id=5844, stack(0x000000e477e00000,0x000000e477f00000) (1024K)]
  0x0000020541f57be0 WorkerThread "GC Thread#3"                     [id=11872, stack(0x000000e477f00000,0x000000e478000000) (1024K)]
  0x00000205520be470 ConcurrentGCThread "G1 Main Marker"            [id=23272, stack(0x000000e476d00000,0x000000e476e00000) (1024K)]
  0x00000205520bee90 WorkerThread "G1 Conc#0"                       [id=1832, stack(0x000000e476e00000,0x000000e476f00000) (1024K)]
  0x0000020552119760 ConcurrentGCThread "G1 Refine#0"               [id=12356, stack(0x000000e476f00000,0x000000e477000000) (1024K)]
  0x000002055211be10 ConcurrentGCThread "G1 Service"                [id=25952, stack(0x000000e477000000,0x000000e477100000) (1024K)]
Total: 10

Threads with active compile tasks:
C2 CompilerThread0  2687 2508       4       jdk.internal.classfile.impl.StackMapGenerator::processBlock (2767 bytes)
Total: 1

VM state: not at safepoint (normal execution)

VM Mutex/Monitor currently owned by a thread: None

Heap address: 0x00000000c4000000, size: 960 MB, Compressed Oops mode: 32-bit

CDS archive(s) mapped at: [0x0000020500000000-0x0000020500d40000-0x0000020500d40000), size 13893632, SharedBaseAddress: 0x0000020500000000, ArchiveRelocationMode: 1.
Compressed class space mapped at: 0x0000020501000000-0x0000020541000000, reserved size: 1073741824
UseCompressedClassPointers 1, UseCompactObjectHeaders 0
Narrow klass pointer bits 32, Max shift 3
Narrow klass base: 0x0000020500000000, Narrow klass shift: 0
Encoding Range: [0x0000020500000000 - 0x0000020600000000), (4294967296 bytes)
Klass Range:    [0x0000020500000000 - 0x0000020541000000), (1090519040 bytes)
Klass ID Range:  [8 - 1090519033) (1090519025)

GC Precious Log:
 CardTable entry size: 512
 Card Set container configuration: InlinePtr #cards 5 size 8 Array Of Cards #cards 10 size 36 Howl #buckets 4 coarsen threshold 1843 Howl Bitmap #cards 512 size 80 coarsen threshold 460 Card regions per heap region 1 cards per card region 2048
 CPUs: 4 total, 4 available
 Memory: 3838M
 Large Page Support: Disabled
 NUMA Support: Disabled
 Compressed Oops: Enabled (32-bit)
 Heap Region Size: 1M
 Heap Min Capacity: 8M
 Heap Initial Capacity: 60M
 Heap Max Capacity: 960M
 Pre-touch: Disabled
 Parallel Workers: 4
 Concurrent Workers: 1
 Concurrent Refinement Workers: 4
 Periodic GC: Disabled

Heap:
 garbage-first heap   total reserved 983040K, committed 63488K, used 20893K [0x00000000c4000000, 0x0000000100000000)
  region size 1024K, 13 young (13312K), 2 survivors (2048K)
 Metaspace       used 18482K, committed 18816K, reserved 1114112K
  class space    used 1822K, committed 1984K, reserved 1048576K

Heap Regions: E=young(eden), S=young(survivor), O=old, HS=humongous(starts), HC=humongous(continues), CS=collection set, F=free, TAMS=top-at-mark-start, PB=parsable bottom
|   0|0x00000000c4000000, 0x00000000c4100000, 0x00000000c4100000|100%| O|  |TAMS 0x00000000c4000000| PB 0x00000000c4000000| Untracked |  0
|   1|0x00000000c4100000, 0x00000000c4200000, 0x00000000c4200000|100%| O|  |TAMS 0x00000000c4100000| PB 0x00000000c4100000| Untracked |  0
|   2|0x00000000c4200000, 0x00000000c4300000, 0x00000000c4300000|100%| O|  |TAMS 0x00000000c4200000| PB 0x00000000c4200000| Untracked |  0
|   3|0x00000000c4300000, 0x00000000c4400000, 0x00000000c4400000|100%| O|  |TAMS 0x00000000c4300000| PB 0x00000000c4300000| Untracked |  0
|   4|0x00000000c4400000, 0x00000000c4500000, 0x00000000c4500000|100%| O|  |TAMS 0x00000000c4400000| PB 0x00000000c4400000| Untracked |  0
|   5|0x00000000c4500000, 0x00000000c4600000, 0x00000000c4600000|100%| O|  |TAMS 0x00000000c4500000| PB 0x00000000c4500000| Untracked |  0
|   6|0x00000000c4600000, 0x00000000c4700000, 0x00000000c4700000|100%| O|  |TAMS 0x00000000c4600000| PB 0x00000000c4600000| Untracked |  0
|   7|0x00000000c4700000, 0x00000000c474dd68, 0x00000000c4800000| 30%| O|  |TAMS 0x00000000c4700000| PB 0x00000000c4700000| Untracked |  0
|   8|0x00000000c4800000, 0x00000000c4800000, 0x00000000c4900000|  0%| F|  |TAMS 0x00000000c4800000| PB 0x00000000c4800000| Untracked |  0
|   9|0x00000000c4900000, 0x00000000c4900000, 0x00000000c4a00000|  0%| F|  |TAMS 0x00000000c4900000| PB 0x00000000c4900000| Untracked |  0
|  10|0x00000000c4a00000, 0x00000000c4a00000, 0x00000000c4b00000|  0%| F|  |TAMS 0x00000000c4a00000| PB 0x00000000c4a00000| Untracked |  0
|  11|0x00000000c4b00000, 0x00000000c4b00000, 0x00000000c4c00000|  0%| F|  |TAMS 0x00000000c4b00000| PB 0x00000000c4b00000| Untracked |  0
|  12|0x00000000c4c00000, 0x00000000c4c00000, 0x00000000c4d00000|  0%| F|  |TAMS 0x00000000c4c00000| PB 0x00000000c4c00000| Untracked |  0
|  13|0x00000000c4d00000, 0x00000000c4d00000, 0x00000000c4e00000|  0%| F|  |TAMS 0x00000000c4d00000| PB 0x00000000c4d00000| Untracked |  0
|  14|0x00000000c4e00000, 0x00000000c4e00000, 0x00000000c4f00000|  0%| F|  |TAMS 0x00000000c4e00000| PB 0x00000000c4e00000| Untracked |  0
|  15|0x00000000c4f00000, 0x00000000c4f00000, 0x00000000c5000000|  0%| F|  |TAMS 0x00000000c4f00000| PB 0x00000000c4f00000| Untracked |  0
|  16|0x00000000c5000000, 0x00000000c5000000, 0x00000000c5100000|  0%| F|  |TAMS 0x00000000c5000000| PB 0x00000000c5000000| Untracked |  0
|  17|0x00000000c5100000, 0x00000000c5100000, 0x00000000c5200000|  0%| F|  |TAMS 0x00000000c5100000| PB 0x00000000c5100000| Untracked |  0
|  18|0x00000000c5200000, 0x00000000c5200000, 0x00000000c5300000|  0%| F|  |TAMS 0x00000000c5200000| PB 0x00000000c5200000| Untracked |  0
|  19|0x00000000c5300000, 0x00000000c5300000, 0x00000000c5400000|  0%| F|  |TAMS 0x00000000c5300000| PB 0x00000000c5300000| Untracked |  0
|  20|0x00000000c5400000, 0x00000000c5400000, 0x00000000c5500000|  0%| F|  |TAMS 0x00000000c5400000| PB 0x00000000c5400000| Untracked |  0
|  21|0x00000000c5500000, 0x00000000c5500000, 0x00000000c5600000|  0%| F|  |TAMS 0x00000000c5500000| PB 0x00000000c5500000| Untracked |  0
|  22|0x00000000c5600000, 0x00000000c5600000, 0x00000000c5700000|  0%| F|  |TAMS 0x00000000c5600000| PB 0x00000000c5600000| Untracked |  0
|  23|0x00000000c5700000, 0x00000000c5700000, 0x00000000c5800000|  0%| F|  |TAMS 0x00000000c5700000| PB 0x00000000c5700000| Untracked |  0
|  24|0x00000000c5800000, 0x00000000c5800000, 0x00000000c5900000|  0%| F|  |TAMS 0x00000000c5800000| PB 0x00000000c5800000| Untracked |  0
|  25|0x00000000c5900000, 0x00000000c5900000, 0x00000000c5a00000|  0%| F|  |TAMS 0x00000000c5900000| PB 0x00000000c5900000| Untracked |  0
|  26|0x00000000c5a00000, 0x00000000c5a00000, 0x00000000c5b00000|  0%| F|  |TAMS 0x00000000c5a00000| PB 0x00000000c5a00000| Untracked |  0
|  27|0x00000000c5b00000, 0x00000000c5b00000, 0x00000000c5c00000|  0%| F|  |TAMS 0x00000000c5b00000| PB 0x00000000c5b00000| Untracked |  0
|  28|0x00000000c5c00000, 0x00000000c5c00000, 0x00000000c5d00000|  0%| F|  |TAMS 0x00000000c5c00000| PB 0x00000000c5c00000| Untracked |  0
|  29|0x00000000c5d00000, 0x00000000c5d00000, 0x00000000c5e00000|  0%| F|  |TAMS 0x00000000c5d00000| PB 0x00000000c5d00000| Untracked |  0
|  30|0x00000000c5e00000, 0x00000000c5e00000, 0x00000000c5f00000|  0%| F|  |TAMS 0x00000000c5e00000| PB 0x00000000c5e00000| Untracked |  0
|  31|0x00000000c5f00000, 0x00000000c5f00000, 0x00000000c6000000|  0%| F|  |TAMS 0x00000000c5f00000| PB 0x00000000c5f00000| Untracked |  0
|  32|0x00000000c6000000, 0x00000000c6000000, 0x00000000c6100000|  0%| F|  |TAMS 0x00000000c6000000| PB 0x00000000c6000000| Untracked |  0
|  33|0x00000000c6100000, 0x00000000c6100000, 0x00000000c6200000|  0%| F|  |TAMS 0x00000000c6100000| PB 0x00000000c6100000| Untracked |  0
|  34|0x00000000c6200000, 0x00000000c6200000, 0x00000000c6300000|  0%| F|  |TAMS 0x00000000c6200000| PB 0x00000000c6200000| Untracked |  0
|  35|0x00000000c6300000, 0x00000000c63fc828, 0x00000000c6400000| 98%| S|CS|TAMS 0x00000000c6300000| PB 0x00000000c6300000| Complete |  0
|  36|0x00000000c6400000, 0x00000000c6500000, 0x00000000c6500000|100%| S|CS|TAMS 0x00000000c6400000| PB 0x00000000c6400000| Complete |  0
|  37|0x00000000c6500000, 0x00000000c6500000, 0x00000000c6600000|  0%| F|  |TAMS 0x00000000c6500000| PB 0x00000000c6500000| Untracked |  0
|  38|0x00000000c6600000, 0x00000000c6600000, 0x00000000c6700000|  0%| F|  |TAMS 0x00000000c6600000| PB 0x00000000c6600000| Untracked |  0
|  39|0x00000000c6700000, 0x00000000c6700000, 0x00000000c6800000|  0%| F|  |TAMS 0x00000000c6700000| PB 0x00000000c6700000| Untracked |  0
|  40|0x00000000c6800000, 0x00000000c6800000, 0x00000000c6900000|  0%| F|  |TAMS 0x00000000c6800000| PB 0x00000000c6800000| Untracked |  0
|  41|0x00000000c6900000, 0x00000000c6900000, 0x00000000c6a00000|  0%| F|  |TAMS 0x00000000c6900000| PB 0x00000000c6900000| Untracked |  0
|  42|0x00000000c6a00000, 0x00000000c6a00000, 0x00000000c6b00000|  0%| F|  |TAMS 0x00000000c6a00000| PB 0x00000000c6a00000| Untracked |  0
|  43|0x00000000c6b00000, 0x00000000c6b00000, 0x00000000c6c00000|  0%| F|  |TAMS 0x00000000c6b00000| PB 0x00000000c6b00000| Untracked |  0
|  44|0x00000000c6c00000, 0x00000000c6c00000, 0x00000000c6d00000|  0%| F|  |TAMS 0x00000000c6c00000| PB 0x00000000c6c00000| Untracked |  0
|  45|0x00000000c6d00000, 0x00000000c6d00000, 0x00000000c6e00000|  0%| F|  |TAMS 0x00000000c6d00000| PB 0x00000000c6d00000| Untracked |  0
|  46|0x00000000c6e00000, 0x00000000c6e00000, 0x00000000c6f00000|  0%| F|  |TAMS 0x00000000c6e00000| PB 0x00000000c6e00000| Untracked |  0
|  47|0x00000000c6f00000, 0x00000000c6f00000, 0x00000000c7000000|  0%| F|  |TAMS 0x00000000c6f00000| PB 0x00000000c6f00000| Untracked |  0
|  48|0x00000000c7000000, 0x00000000c7000000, 0x00000000c7100000|  0%| F|  |TAMS 0x00000000c7000000| PB 0x00000000c7000000| Untracked |  0
|  49|0x00000000c7100000, 0x00000000c71f04e8, 0x00000000c7200000| 93%| E|  |TAMS 0x00000000c7100000| PB 0x00000000c7100000| Complete |  0
|  50|0x00000000c7200000, 0x00000000c7300000, 0x00000000c7300000|100%| E|CS|TAMS 0x00000000c7200000| PB 0x00000000c7200000| Complete |  0
|  51|0x00000000c7300000, 0x00000000c7400000, 0x00000000c7400000|100%| E|CS|TAMS 0x00000000c7300000| PB 0x00000000c7300000| Complete |  0
|  52|0x00000000c7400000, 0x00000000c7500000, 0x00000000c7500000|100%| E|CS|TAMS 0x00000000c7400000| PB 0x00000000c7400000| Complete |  0
|  53|0x00000000c7500000, 0x00000000c7600000, 0x00000000c7600000|100%| E|CS|TAMS 0x00000000c7500000| PB 0x00000000c7500000| Complete |  0
|  54|0x00000000c7600000, 0x00000000c7700000, 0x00000000c7700000|100%| E|CS|TAMS 0x00000000c7600000| PB 0x00000000c7600000| Complete |  0
|  55|0x00000000c7700000, 0x00000000c7800000, 0x00000000c7800000|100%| E|CS|TAMS 0x00000000c7700000| PB 0x00000000c7700000| Complete |  0
|  56|0x00000000c7800000, 0x00000000c7900000, 0x00000000c7900000|100%| E|CS|TAMS 0x00000000c7800000| PB 0x00000000c7800000| Complete |  0
|  57|0x00000000c7900000, 0x00000000c7a00000, 0x00000000c7a00000|100%| E|CS|TAMS 0x00000000c7900000| PB 0x00000000c7900000| Complete |  0
|  58|0x00000000c7a00000, 0x00000000c7b00000, 0x00000000c7b00000|100%| E|CS|TAMS 0x00000000c7a00000| PB 0x00000000c7a00000| Complete |  0
|  59|0x00000000c7b00000, 0x00000000c7c00000, 0x00000000c7c00000|100%| E|CS|TAMS 0x00000000c7b00000| PB 0x00000000c7b00000| Complete |  0
| 958|0x00000000ffe00000, 0x00000000fff00000, 0x00000000fff00000|100%| O|  |TAMS 0x00000000ffe00000| PB 0x00000000ffe00000| Untracked |  0
| 959|0x00000000fff00000, 0x00000000fff1d248, 0x0000000100000000| 11%| O|  |TAMS 0x00000000fff00000| PB 0x00000000fff00000| Untracked |  0

Card table byte_map: [0x0000020569b00000,0x0000020569ce0000] _byte_map_base: 0x00000205694e0000

Marking Bits: (CMBitMap*) 0x00000205520b3c10
 Bits: [0x0000020569ce0000, 0x000002056abe0000)

Polling page: 0x0000020551850000

Metaspace:

Usage:
  Non-class:     16.28 MB used.
      Class:      1.78 MB used.
       Both:     18.06 MB used.

Virtual space:
  Non-class space:       64.00 MB reserved,      16.44 MB ( 26%) committed,  1 nodes.
      Class space:        1.00 GB reserved,       1.94 MB ( <1%) committed,  1 nodes.
             Both:        1.06 GB reserved,      18.38 MB (  2%) committed. 

Chunk freelists:
   Non-Class:  15.12 MB
       Class:  14.12 MB
        Both:  29.25 MB

MaxMetaspaceSize: unlimited
CompressedClassSpaceSize: 1.00 GB
Initial GC threshold: 21.00 MB
Current GC threshold: 21.00 MB
CDS: on
 - commit_granule_bytes: 65536.
 - commit_granule_words: 8192.
 - virtual_space_node_default_size: 8388608.
 - enlarge_chunks_in_place: 1.
UseCompressedClassPointers 1, UseCompactObjectHeaders 0
Narrow klass pointer bits 32, Max shift 3
Narrow klass base: 0x0000020500000000, Narrow klass shift: 0
Encoding Range: [0x0000020500000000 - 0x0000020600000000), (4294967296 bytes)
Klass Range:    [0x0000020500000000 - 0x0000020541000000), (1090519040 bytes)
Klass ID Range:  [8 - 1090519033) (1090519025)


Internal statistics:

num_allocs_failed_limit: 0.
num_arena_births: 274.
num_arena_deaths: 0.
num_vsnodes_births: 2.
num_vsnodes_deaths: 0.
num_space_committed: 294.
num_space_uncommitted: 0.
num_chunks_returned_to_freelist: 0.
num_chunks_taken_from_freelist: 775.
num_chunk_merges: 0.
num_chunk_splits: 494.
num_chunks_enlarged: 337.
num_inconsistent_stats: 0.

CodeHeap 'non-profiled nmethods': size=120064Kb used=747Kb max_used=747Kb free=119316Kb
 bounds [0x00000205623e0000, 0x0000020562650000, 0x0000020569920000]
CodeHeap 'profiled nmethods': size=120000Kb used=4401Kb max_used=4401Kb free=115598Kb
 bounds [0x000002055a920000, 0x000002055ad70000, 0x0000020561e50000]
CodeHeap 'non-nmethods': size=5696Kb used=1584Kb max_used=1630Kb free=4111Kb
 bounds [0x0000020561e50000, 0x00000205620c0000, 0x00000205623e0000]
CodeCache: size=245760Kb, used=6732Kb, max_used=6778Kb, free=239025Kb
 total_blobs=3168, nmethods=2565, adapters=507, full_count=0
Compilation: enabled, stopped_count=0, restarted_count=0

Compilation events (20 events):
Event: 2.550 Thread 0x000002054115c020 2535       3       java.lang.System$1::defineClass (21 bytes)
Event: 2.550 Thread 0x000002054115c020 nmethod 2535 0x000002055ad52008 code [0x000002055ad52120, 0x000002055ad52290]
Event: 2.550 Thread 0x000002054115c020 2534       1       java.util.Collections$EmptyList::size (2 bytes)
Event: 2.550 Thread 0x000002054115c020 nmethod 2534 0x000002056249a188 code [0x000002056249a280, 0x000002056249a348]
Event: 2.553 Thread 0x000002054115c020 2536       3       jdk.internal.classfile.impl.BufWriterImpl::<init> (10 bytes)
Event: 2.553 Thread 0x000002054115c020 nmethod 2536 0x000002055ad52308 code [0x000002055ad52420, 0x000002055ad52560]
Event: 2.554 Thread 0x000002054115c020 2537       3       java.lang.invoke.InnerClassLambdaMetafactory$1::<init> (20 bytes)
Event: 2.554 Thread 0x000002054115c020 nmethod 2537 0x000002055ad52608 code [0x000002055ad52720, 0x000002055ad52948]
Event: 2.554 Thread 0x000002054115c020 2539       3       java.lang.invoke.InnerClassLambdaMetafactory$1::accept (244 bytes)
Event: 2.556 Thread 0x000002054115c020 nmethod 2539 0x000002055ad52988 code [0x000002055ad52ce0, 0x000002055ad54ba0]
Event: 2.556 Thread 0x000002054115c020 2538       3       java.lang.invoke.InnerClassLambdaMetafactory$1::accept (9 bytes)
Event: 2.556 Thread 0x000002054115c020 nmethod 2538 0x000002055ad54c88 code [0x000002055ad54da0, 0x000002055ad54fe0]
Event: 2.562 Thread 0x000002054115c020 2540       1       java.util.ArrayList$ArrayListSpliterator::characteristics (4 bytes)
Event: 2.562 Thread 0x000002054115c020 nmethod 2540 0x000002056249a488 code [0x000002056249a580, 0x000002056249a648]
Event: 2.567 Thread 0x000002054115c020 2541       3       java.lang.StackFrameInfo::declaringClass (13 bytes)
Event: 2.567 Thread 0x000002054115c020 nmethod 2541 0x000002055ad55008 code [0x000002055ad55120, 0x000002055ad55410]
Event: 2.567 Thread 0x000002054115c020 2542       3       java.lang.invoke.MethodHandleImpl$1::getDeclaringClass (10 bytes)
Event: 2.567 Thread 0x000002054115c020 nmethod 2542 0x000002055ad55488 code [0x000002055ad555a0, 0x000002055ad55820]
Event: 2.568 Thread 0x000002054115c020 2543       3       java.lang.Character::codePointAt (51 bytes)
Event: 2.569 Thread 0x000002054115c020 nmethod 2543 0x000002055ad55888 code [0x000002055ad55a00, 0x000002055ad56020]

GC Heap History (4 events):
Event: 1.506 GC heap before
{Heap before GC invocations=0 (full 0):
 garbage-first heap   total reserved 983040K, committed 63488K, used 28788K [0x00000000c4000000, 0x0000000100000000)
  region size 1024K, 28 young (28672K), 0 survivors (0K)
 Metaspace       used 9589K, committed 9792K, reserved 1114112K
  class space    used 883K, committed 960K, reserved 1048576K
}
Event: 1.527 GC heap after
{Heap after GC invocations=1 (full 0):
 garbage-first heap   total reserved 983040K, committed 63488K, used 8660K [0x00000000c4000000, 0x0000000100000000)
  region size 1024K, 4 young (4096K), 4 survivors (4096K)
 Metaspace       used 9589K, committed 9792K, reserved 1114112K
  class space    used 883K, committed 960K, reserved 1048576K
}
Event: 2.317 GC heap before
{Heap before GC invocations=1 (full 0):
 garbage-first heap   total reserved 983040K, committed 63488K, used 31188K [0x00000000c4000000, 0x0000000100000000)
  region size 1024K, 27 young (27648K), 4 survivors (4096K)
 Metaspace       used 15863K, committed 16128K, reserved 1114112K
  class space    used 1541K, committed 1664K, reserved 1048576K
}
Event: 2.321 GC heap after
{Heap after GC invocations=2 (full 0):
 garbage-first heap   total reserved 983040K, committed 63488K, used 10653K [0x00000000c4000000, 0x0000000100000000)
  region size 1024K, 2 young (2048K), 2 survivors (2048K)
 Metaspace       used 15863K, committed 16128K, reserved 1114112K
  class space    used 1541K, committed 1664K, reserved 1048576K
}

Dll operation events (10 events):
Event: 0.015 Loaded shared library C:\Program Files\Java\jdk-24\bin\java.dll
Event: 0.047 Loaded shared library C:\Program Files\Java\jdk-24\bin\jsvml.dll
Event: 0.113 Loaded shared library C:\Program Files\Java\jdk-24\bin\net.dll
Event: 0.116 Loaded shared library C:\Program Files\Java\jdk-24\bin\nio.dll
Event: 0.140 Loaded shared library C:\Program Files\Java\jdk-24\bin\zip.dll
Event: 0.405 Loaded shared library C:\Program Files\Java\jdk-24\bin\jimage.dll
Event: 0.440 Loaded shared library C:\Program Files\Java\jdk-24\bin\verify.dll
Event: 0.836 Loaded shared library C:\Program Files\Java\jdk-24\bin\management.dll
Event: 0.840 Loaded shared library C:\Program Files\Java\jdk-24\bin\management_ext.dll
Event: 1.752 Loaded shared library C:\Program Files\Java\jdk-24\bin\extnet.dll

Deoptimization events (20 events):
Event: 2.396 Thread 0x000002054febacc0 Uncommon trap: trap_request=0xffffff4d fr.pc=0x000002056246c678 relative=0x00000000000001b8
Event: 2.396 Thread 0x000002054febacc0 Uncommon trap: reason=unstable_if action=reinterpret pc=0x000002056246c678 method=java.util.HashMap.getNode(Ljava/lang/Object;)Ljava/util/HashMap$Node; @ 66 c2
Event: 2.396 Thread 0x000002054febacc0 DEOPT PACKING pc=0x000002056246c678 sp=0x000000e476bfd7e0
Event: 2.396 Thread 0x000002054febacc0 DEOPT UNPACKING pc=0x0000020561f74082 sp=0x000000e476bfd6f0 mode 2
Event: 2.396 Thread 0x000002054febacc0 Uncommon trap: trap_request=0xffffffde fr.pc=0x000002056243fb94 relative=0x0000000000000574
Event: 2.396 Thread 0x000002054febacc0 Uncommon trap: reason=class_check action=maybe_recompile pc=0x000002056243fb94 method=java.util.HashMap.putVal(ILjava/lang/Object;Ljava/lang/Object;ZZ)Ljava/lang/Object; @ 91 c2
Event: 2.396 Thread 0x000002054febacc0 DEOPT PACKING pc=0x000002056243fb94 sp=0x000000e476bfd710
Event: 2.396 Thread 0x000002054febacc0 DEOPT UNPACKING pc=0x0000020561f74082 sp=0x000000e476bfd680 mode 2
Event: 2.396 Thread 0x000002054febacc0 Uncommon trap: trap_request=0xffffffde fr.pc=0x000002056243fb94 relative=0x0000000000000574
Event: 2.396 Thread 0x000002054febacc0 Uncommon trap: reason=class_check action=maybe_recompile pc=0x000002056243fb94 method=java.util.HashMap.putVal(ILjava/lang/Object;Ljava/lang/Object;ZZ)Ljava/lang/Object; @ 91 c2
Event: 2.396 Thread 0x000002054febacc0 DEOPT PACKING pc=0x000002056243fb94 sp=0x000000e476bfd710
Event: 2.396 Thread 0x000002054febacc0 DEOPT UNPACKING pc=0x0000020561f74082 sp=0x000000e476bfd680 mode 2
Event: 2.402 Thread 0x000002054febacc0 Uncommon trap: trap_request=0xffffff4d fr.pc=0x000002056246b9e0 relative=0x0000000000000060
Event: 2.402 Thread 0x000002054febacc0 Uncommon trap: reason=unstable_if action=reinterpret pc=0x000002056246b9e0 method=java.lang.ref.ReferenceQueue.poll()Ljava/lang/ref/Reference; @ 4 c2
Event: 2.402 Thread 0x000002054febacc0 DEOPT PACKING pc=0x000002056246b9e0 sp=0x000000e476bfccb0
Event: 2.402 Thread 0x000002054febacc0 DEOPT UNPACKING pc=0x0000020561f74082 sp=0x000000e476bfcbb8 mode 2
Event: 2.402 Thread 0x000002054febacc0 Uncommon trap: trap_request=0xffffff4d fr.pc=0x0000020562436158 relative=0x0000000000000058
Event: 2.402 Thread 0x000002054febacc0 Uncommon trap: reason=unstable_if action=reinterpret pc=0x0000020562436158 method=java.lang.ref.ReferenceQueue.poll()Ljava/lang/ref/Reference; @ 4 c2
Event: 2.402 Thread 0x000002054febacc0 DEOPT PACKING pc=0x0000020562436158 sp=0x000000e476bfcc40
Event: 2.402 Thread 0x000002054febacc0 DEOPT UNPACKING pc=0x0000020561f74082 sp=0x000000e476bfcbb8 mode 2

Classes loaded (20 events):
Event: 2.565 Loading class java/time/chrono/ChronoZonedDateTime done
Event: 2.565 Loading class java/time/ZonedDateTime done
Event: 2.565 Loading class java/util/logging/LogRecord$CallerFinder
Event: 2.566 Loading class java/util/logging/LogRecord$CallerFinder done
Event: 2.567 Loading class java/util/logging/Level$RbAccess
Event: 2.567 Loading class java/util/logging/Level$RbAccess done
Event: 2.568 Loading class sun/util/logging/resources/logging
Event: 2.568 Loading class sun/util/logging/resources/logging done
Event: 2.568 Loading class sun/util/logging/resources/logging_en
Event: 2.568 Loading class sun/util/logging/resources/logging_en done
Event: 2.568 Loading class sun/util/logging/resources/logging_en
Event: 2.568 Loading class sun/util/logging/resources/logging_en done
Event: 2.568 Loading class sun/util/logging/resources/logging_en_IN
Event: 2.568 Loading class sun/util/logging/resources/logging_en_IN done
Event: 2.568 Loading class sun/util/logging/resources/logging_en_IN
Event: 2.568 Loading class sun/util/logging/resources/logging_en_IN done
Event: 2.568 Loading class java/util/Formatter$DateTime
Event: 2.568 Loading class java/util/Formatter$DateTime done
Event: 2.569 Loading class java/time/ZonedDateTime$1
Event: 2.569 Loading class java/time/ZonedDateTime$1 done

Classes unloaded (0 events):
No events

Classes redefined (0 events):
No events

Internal exceptions (20 events):
Event: 2.173 Thread 0x000002054febacc0 Implicit null exception at 0x000002056247bb1d to 0x000002056247bb99
Event: 2.205 Thread 0x000002054febacc0 Exception <a 'java/lang/NoSuchMethodError'{0x00000000c6960ed8}: 'java.lang.Object java.lang.invoke.DelegatingMethodHandle$Holder.reinvoke_L(java.lang.Object, java.lang.Object, java.lang.Object, int, java.lang.Object, java.lang.Object)'> (0x00000000c6960ed8) 
thrown [s\open\src\hotspot\share\interpreter\linkResolver.cpp, line 805]
Event: 2.219 Thread 0x000002054febacc0 Exception <a 'sun/nio/fs/WindowsException'{0x00000000c69bb610}> (0x00000000c69bb610) 
thrown [s\open\src\hotspot\share\prims\jni.cpp, line 518]
Event: 2.422 Thread 0x000002054febacc0 Exception <a 'java/lang/ClassNotFoundException'{0x00000000c7826330}: com/aventstack/extentreports/StatusBeanInfo> (0x00000000c7826330) 
thrown [s\open\src\hotspot\share\classfile\systemDictionary.cpp, line 327]
Event: 2.422 Thread 0x000002054febacc0 Exception <a 'java/lang/ClassNotFoundException'{0x00000000c7827088}: java/lang/EnumBeanInfo> (0x00000000c7827088) 
thrown [s\open\src\hotspot\share\classfile\systemDictionary.cpp, line 327]
Event: 2.422 Thread 0x000002054febacc0 Exception <a 'java/lang/ClassNotFoundException'{0x00000000c7827d68}: java/lang/ObjectBeanInfo> (0x00000000c7827d68) 
thrown [s\open\src\hotspot\share\classfile\systemDictionary.cpp, line 327]
Event: 2.423 Thread 0x000002054febacc0 Exception <a 'java/lang/ClassNotFoundException'{0x00000000c7829098}: java/lang/ObjectCustomizer> (0x00000000c7829098) 
thrown [s\open\src\hotspot\share\classfile\systemDictionary.cpp, line 327]
Event: 2.429 Thread 0x000002054febacc0 Exception <a 'java/lang/ClassNotFoundException'{0x00000000c7845a68}: java/lang/EnumCustomizer> (0x00000000c7845a68) 
thrown [s\open\src\hotspot\share\classfile\systemDictionary.cpp, line 327]
Event: 2.435 Thread 0x000002054febacc0 Exception <a 'java/lang/ClassNotFoundException'{0x00000000c785fa78}: com/aventstack/extentreports/StatusCustomizer> (0x00000000c785fa78) 
thrown [s\open\src\hotspot\share\classfile\systemDictionary.cpp, line 327]
Event: 2.458 Thread 0x000002054febacc0 Exception <a 'java/lang/ClassNotFoundException'{0x00000000c78d7330}: com/aventstack/extentreports/view/IcoBeanInfo> (0x00000000c78d7330) 
thrown [s\open\src\hotspot\share\classfile\systemDictionary.cpp, line 327]
Event: 2.458 Thread 0x000002054febacc0 Exception <a 'java/lang/ClassNotFoundException'{0x00000000c78d9850}: com/aventstack/extentreports/view/IcoCustomizer> (0x00000000c78d9850) 
thrown [s\open\src\hotspot\share\classfile\systemDictionary.cpp, line 327]
Event: 2.463 Thread 0x000002054febacc0 Exception <a 'java/lang/ClassNotFoundException'{0x00000000c7710a10}: com/aventstack/extentreports/model/service/TestServiceBeanInfo> (0x00000000c7710a10) 
thrown [s\open\src\hotspot\share\classfile\systemDictionary.cpp, line 327]
Event: 2.464 Thread 0x000002054febacc0 Exception <a 'java/lang/ClassNotFoundException'{0x00000000c7713138}: com/aventstack/extentreports/model/service/TestServiceCustomizer> (0x00000000c7713138) 
thrown [s\open\src\hotspot\share\classfile\systemDictionary.cpp, line 327]
Event: 2.482 Thread 0x000002054febacc0 Exception <a 'java/lang/NoSuchMethodError'{0x00000000c77d23e8}: 'void java.lang.invoke.DirectMethodHandle$Holder.invokeInterface(java.lang.Object, java.lang.Object)'> (0x00000000c77d23e8) 
thrown [s\open\src\hotspot\share\interpreter\linkResolver.cpp, line 805]
Event: 2.487 Thread 0x000002054febacc0 Exception <a 'java/lang/IncompatibleClassChangeError'{0x00000000c76088e0}: Found class java.lang.Object, but interface was expected> (0x00000000c76088e0) 
thrown [s\open\src\hotspot\share\interpreter\linkResolver.cpp, line 872]
Event: 2.488 Thread 0x000002054febacc0 Exception <a 'java/lang/NoSuchMethodError'{0x00000000c7610718}: 'int java.lang.invoke.DirectMethodHandle$Holder.invokeSpecial(java.lang.Object, java.lang.Object, java.lang.Object, java.lang.Object, java.lang.Object)'> (0x00000000c7610718) 
thrown [s\open\src\hotspot\share\interpreter\linkResolver.cpp, line 805]
Event: 2.506 Thread 0x000002054febacc0 Exception <a 'java/lang/NoSuchMethodError'{0x00000000c76b1c98}: 'void java.lang.invoke.DirectMethodHandle$Holder.invokeVirtual(java.lang.Object, java.lang.Object, java.lang.Object, java.lang.Object)'> (0x00000000c76b1c98) 
thrown [s\open\src\hotspot\share\interpreter\linkResolver.cpp, line 805]
Event: 2.506 Thread 0x000002054febacc0 Exception <a 'java/lang/NoSuchMethodError'{0x00000000c76ba310}: 'void java.lang.invoke.DirectMethodHandle$Holder.invokeSpecial(java.lang.Object, java.lang.Object, java.lang.Object, java.lang.Object, java.lang.Object)'> (0x00000000c76ba310) 
thrown [s\open\src\hotspot\share\interpreter\linkResolver.cpp, line 805]
Event: 2.549 Thread 0x000002054febacc0 Exception <a 'java/lang/NoSuchMethodError'{0x00000000c741fad8}: 'void java.lang.invoke.DirectMethodHandle$Holder.invokeStaticInit(java.lang.Object, java.lang.Object)'> (0x00000000c741fad8) 
thrown [s\open\src\hotspot\share\interpreter\linkResolver.cpp, line 805]
Event: 2.568 Thread 0x000002054febacc0 Exception <a 'java/lang/ClassNotFoundException'{0x00000000c748de80}: sun/util/logging/resources/spi/loggingProvider> (0x00000000c748de80) 
thrown [s\open\src\hotspot\share\classfile\systemDictionary.cpp, line 327]

VM Operations (20 events):
Event: 1.098 Executing VM operation: HandshakeAllThreads (Deoptimize)
Event: 1.098 Executing VM operation: HandshakeAllThreads (Deoptimize) done
Event: 1.275 Executing VM operation: HandshakeAllThreads (Deoptimize)
Event: 1.275 Executing VM operation: HandshakeAllThreads (Deoptimize) done
Event: 1.421 Executing VM operation: HandshakeAllThreads (Deoptimize)
Event: 1.421 Executing VM operation: HandshakeAllThreads (Deoptimize) done
Event: 1.506 Executing VM operation: G1CollectForAllocation (G1 Evacuation Pause)
Event: 1.527 Executing VM operation: G1CollectForAllocation (G1 Evacuation Pause) done
Event: 1.612 Executing VM operation: HandshakeAllThreads (Deoptimize)
Event: 1.612 Executing VM operation: HandshakeAllThreads (Deoptimize) done
Event: 1.613 Executing VM operation: HandshakeAllThreads (Deoptimize)
Event: 1.613 Executing VM operation: HandshakeAllThreads (Deoptimize) done
Event: 1.778 Executing VM operation: HandshakeAllThreads (Deoptimize)
Event: 1.778 Executing VM operation: HandshakeAllThreads (Deoptimize) done
Event: 1.789 Executing VM operation: HandshakeAllThreads (Deoptimize)
Event: 1.789 Executing VM operation: HandshakeAllThreads (Deoptimize) done
Event: 2.317 Executing VM operation: G1CollectForAllocation (G1 Evacuation Pause)
Event: 2.321 Executing VM operation: G1CollectForAllocation (G1 Evacuation Pause) done
Event: 2.503 Executing VM operation: HandshakeAllThreads (Deoptimize)
Event: 2.503 Executing VM operation: HandshakeAllThreads (Deoptimize) done

Memory protections (0 events):
No events

Nmethod flushes (0 events):
No events

Events (12 events):
Event: 0.031 Thread 0x000002054febacc0 Thread added: 0x000002054febacc0
Event: 0.043 Thread 0x000002054febacc0 Thread added: 0x000002054112e490
Event: 0.043 Thread 0x000002054febacc0 Thread added: 0x00000205411308e0
Event: 0.043 Thread 0x000002054febacc0 Thread added: 0x0000020541134c00
Event: 0.043 Thread 0x000002054febacc0 Thread added: 0x0000020541135340
Event: 0.043 Thread 0x000002054febacc0 Thread added: 0x0000020541137230
Event: 0.043 Thread 0x000002054febacc0 Thread added: 0x000002054113f5e0
Event: 0.043 Thread 0x000002054febacc0 Thread added: 0x0000020541146880
Event: 0.043 Thread 0x000002054febacc0 Thread added: 0x000002054115c020
Event: 0.106 Thread 0x000002054febacc0 Thread added: 0x00000205411d3e10
Event: 0.109 Thread 0x000002054febacc0 Thread added: 0x00000205411d4550
Event: 1.760 Thread 0x000002054febacc0 Thread added: 0x0000020546124550


Dynamic libraries:
0x00007ff79d270000 - 0x00007ff79d280000 	C:\Program Files\Java\jdk-24\bin\javaw.exe
0x00007ff904b90000 - 0x00007ff904d88000 	C:\Windows\SYSTEM32\ntdll.dll
0x00007ff904800000 - 0x00007ff9048c2000 	C:\Windows\System32\KERNEL32.DLL
0x00007ff902680000 - 0x00007ff902976000 	C:\Windows\System32\KERNELBASE.dll
0x00007ff902a80000 - 0x00007ff902b80000 	C:\Windows\System32\ucrtbase.dll
0x00007ff8d32c0000 - 0x00007ff8d32d6000 	C:\Program Files\Java\jdk-24\bin\jli.dll
0x00007ff8d32a0000 - 0x00007ff8d32bb000 	C:\Program Files\Java\jdk-24\bin\VCRUNTIME140.dll
0x00007ff904630000 - 0x00007ff9047d1000 	C:\Windows\System32\USER32.dll
0x00007ff902220000 - 0x00007ff902242000 	C:\Windows\System32\win32u.dll
0x00007ff8f0460000 - 0x00007ff8f06fb000 	C:\Windows\WinSxS\amd64_microsoft.windows.common-controls_6595b64144ccf1df_6.0.19041.6456_none_60b8a6cb71f64256\COMCTL32.dll
0x00007ff902bb0000 - 0x00007ff902bdb000 	C:\Windows\System32\GDI32.dll
0x00007ff903ba0000 - 0x00007ff903c3e000 	C:\Windows\System32\msvcrt.dll
0x00007ff902440000 - 0x00007ff902559000 	C:\Windows\System32\gdi32full.dll
0x00007ff902560000 - 0x00007ff9025fd000 	C:\Windows\System32\msvcp_win.dll
0x00007ff903c40000 - 0x00007ff903c6f000 	C:\Windows\System32\IMM32.DLL
0x00007ff8fab40000 - 0x00007ff8fab4c000 	C:\Program Files\Java\jdk-24\bin\vcruntime140_1.dll
0x00007ff8c0ef0000 - 0x00007ff8c0f7e000 	C:\Program Files\Java\jdk-24\bin\msvcp140.dll
0x00007ff8ab510000 - 0x00007ff8ac2b1000 	C:\Program Files\Java\jdk-24\bin\server\jvm.dll
0x00007ff903e20000 - 0x00007ff903ed1000 	C:\Windows\System32\ADVAPI32.dll
0x00007ff903a30000 - 0x00007ff903acf000 	C:\Windows\System32\sechost.dll
0x00007ff904010000 - 0x00007ff904130000 	C:\Windows\System32\RPCRT4.dll
0x00007ff902b80000 - 0x00007ff902ba7000 	C:\Windows\System32\bcrypt.dll
0x00007ff903fa0000 - 0x00007ff90400b000 	C:\Windows\System32\WS2_32.dll
0x00007ff8ede40000 - 0x00007ff8ede67000 	C:\Windows\SYSTEM32\WINMM.dll
0x00007ff8fa4a0000 - 0x00007ff8fa4aa000 	C:\Windows\SYSTEM32\VERSION.dll
0x00007ff902080000 - 0x00007ff9020cb000 	C:\Windows\SYSTEM32\POWRPROF.dll
0x00007ff902060000 - 0x00007ff902072000 	C:\Windows\SYSTEM32\UMPDC.dll
0x00007ff900a30000 - 0x00007ff900a42000 	C:\Windows\SYSTEM32\kernel.appcore.dll
0x00007ff8f79d0000 - 0x00007ff8f79da000 	C:\Program Files\Java\jdk-24\bin\jimage.dll
0x00007ff8fff70000 - 0x00007ff900171000 	C:\Windows\SYSTEM32\DBGHELP.DLL
0x00007ff8d5860000 - 0x00007ff8d5894000 	C:\Windows\SYSTEM32\dbgcore.DLL
0x00007ff9023b0000 - 0x00007ff902432000 	C:\Windows\System32\bcryptPrimitives.dll
0x00007ff8d3280000 - 0x00007ff8d329e000 	C:\Program Files\Java\jdk-24\bin\java.dll
0x00007ff904140000 - 0x00007ff90426b000 	C:\Windows\System32\ole32.dll
0x00007ff9042d0000 - 0x00007ff904624000 	C:\Windows\System32\combase.dll
0x00007ff9030b0000 - 0x00007ff903820000 	C:\Windows\System32\SHELL32.dll
0x00007ff900180000 - 0x00007ff900925000 	C:\Windows\SYSTEM32\windows.storage.dll
0x00007ff901b70000 - 0x00007ff901b9b000 	C:\Windows\SYSTEM32\Wldp.dll
0x00007ff903ad0000 - 0x00007ff903b9d000 	C:\Windows\System32\OLEAUT32.dll
0x00007ff903980000 - 0x00007ff903a2d000 	C:\Windows\System32\SHCORE.dll
0x00007ff903f40000 - 0x00007ff903f9b000 	C:\Windows\System32\shlwapi.dll
0x00007ff902150000 - 0x00007ff902174000 	C:\Windows\SYSTEM32\profapi.dll
0x00007ff8b8030000 - 0x00007ff8b8107000 	C:\Program Files\Java\jdk-24\bin\jsvml.dll
0x00007ff8f7900000 - 0x00007ff8f7910000 	C:\Program Files\Java\jdk-24\bin\net.dll
0x00007ff9018d0000 - 0x00007ff90193a000 	C:\Windows\system32\mswsock.dll
0x00007ff8d3260000 - 0x00007ff8d3276000 	C:\Program Files\Java\jdk-24\bin\nio.dll
0x00007ff8d3240000 - 0x00007ff8d3257000 	C:\Program Files\Java\jdk-24\bin\zip.dll
0x00007ff8fc7f0000 - 0x00007ff8fc800000 	C:\Program Files\Java\jdk-24\bin\verify.dll
0x00007ff8f0760000 - 0x00007ff8f076a000 	C:\Program Files\Java\jdk-24\bin\management.dll
0x00007ff8efe70000 - 0x00007ff8efe7b000 	C:\Program Files\Java\jdk-24\bin\management_ext.dll
0x00007ff903970000 - 0x00007ff903978000 	C:\Windows\System32\PSAPI.DLL
0x00007ff8d4f40000 - 0x00007ff8d4f57000 	C:\Windows\system32\napinsp.dll
0x00007ff8d4f20000 - 0x00007ff8d4f3b000 	C:\Windows\system32\pnrpnsp.dll
0x00007ff8fee30000 - 0x00007ff8fee4d000 	C:\Windows\system32\wshbth.dll
0x00007ff8fbc50000 - 0x00007ff8fbc6d000 	C:\Windows\system32\NLAapi.dll
0x00007ff9015b0000 - 0x00007ff9015eb000 	C:\Windows\SYSTEM32\IPHLPAPI.DLL
0x00007ff9015f0000 - 0x00007ff9016ba000 	C:\Windows\SYSTEM32\DNSAPI.dll
0x00007ff904130000 - 0x00007ff904138000 	C:\Windows\System32\NSI.dll
0x00007ff8d4f00000 - 0x00007ff8d4f12000 	C:\Windows\System32\winrnr.dll
0x00007ff8fb270000 - 0x00007ff8fb27a000 	C:\Windows\System32\rasadhlp.dll
0x00007ff8efbc0000 - 0x00007ff8efc40000 	C:\Windows\System32\fwpuclnt.dll
0x00007ff8d3230000 - 0x00007ff8d3239000 	C:\Program Files\Java\jdk-24\bin\extnet.dll
0x00007ff901ad0000 - 0x00007ff901ae8000 	C:\Windows\SYSTEM32\CRYPTSP.dll
0x00007ff9011f0000 - 0x00007ff901228000 	C:\Windows\system32\rsaenh.dll
0x00007ff902110000 - 0x00007ff90213e000 	C:\Windows\SYSTEM32\USERENV.dll
0x00007ff901ac0000 - 0x00007ff901acc000 	C:\Windows\SYSTEM32\CRYPTBASE.dll

JVMTI agents: none

dbghelp: loaded successfully - version: 4.0.5 - missing functions: none
symbol engine: initialized successfully - sym options: 0x614 - pdb path: .;C:\Program Files\Java\jdk-24\bin;C:\Windows\SYSTEM32;C:\Windows\WinSxS\amd64_microsoft.windows.common-controls_6595b64144ccf1df_6.0.19041.6456_none_60b8a6cb71f64256;C:\Program Files\Java\jdk-24\bin\server

VM Arguments:
jvm_args: -ea -Dfile.encoding=windows-1252 -Dstdout.encoding=windows-1252 -Dstderr.encoding=windows-1252 -XX:+ShowCodeDetailsInExceptionMessages 
java_command: org.testng.remote.RemoteTestNG -serport 50778 -protocol json -d C:\Users\Siddheshwar\Downloads\OpencartV121-master\OpencartV121-master\test-output C:\Users\Siddheshwar\Downloads\OpencartV121-master\OpencartV121-master\master.xml
java_class_path (initial): C:\Users\Siddheshwar\eclipse\java-2025-03\eclipse\configuration\org.eclipse.osgi\525\0\.cp\lib\testng-remote.jar;C:\Users\Siddheshwar\Downloads\OpencartV121-master\OpencartV121-master\target\test-classes;C:\Users\Siddheshwar\Downloads\OpencartV121-master\OpencartV121-master\target\classes;C:\Users\Siddheshwar\.m2\repository\org\seleniumhq\selenium\selenium-java\4.20.0\selenium-java-4.20.0.jar;C:\Users\Siddheshwar\.m2\repository\org\seleniumhq\selenium\selenium-api\4.20.0\selenium-api-4.20.0.jar;C:\Users\Siddheshwar\.m2\repository\org\seleniumhq\selenium\selenium-chrome-driver\4.20.0\selenium-chrome-driver-4.20.0.jar;C:\Users\Siddheshwar\.m2\repository\com\google\auto\service\auto-service-annotations\1.1.1\auto-service-annotations-1.1.1.jar;C:\Users\Siddheshwar\.m2\repository\org\seleniumhq\selenium\selenium-chromium-driver\4.20.0\selenium-chromium-driver-4.20.0.jar;C:\Users\Siddheshwar\.m2\repository\org\seleniumhq\selenium\selenium-json\4.20.0\selenium-json-4.20.0.jar;C:\Users\Siddheshwar\.m2\repository\org\seleniumhq\selenium\selenium-manager\4.20.0\selenium-manager-4.20.0.jar;C:\Users\Siddheshwar\.m2\repository\org\seleniumhq\selenium\selenium-devtools-v122\4.20.0\selenium-devtools-v122-4.20.0.jar;C:\Users\Siddheshwar\.m2\repository\org\seleniumhq\selenium\selenium-devtools-v123\4.20.0\selenium-devtools-v123-4.20.0.jar;C:\Users\Siddheshwar\.m2\repository\org\seleniumhq\selenium\selenium-devtools-v124\4.20.0\selenium-devtools-v124-4.20.0.jar;C:\Users\Siddheshwar\.m2\repository\org\seleniumhq\selenium\selenium-devtools-v85\4.20.0\selenium-devtools-v85-4.20.0.jar;C:\Users\Siddheshwar\.m2\repository\org\seleniumhq\selenium\selenium-edge-driver\4.20.0\selenium-edge-driver-4.20.0.jar;C:\Users\Siddheshwar\.m2\repository\org\seleniumhq\selenium\selenium-firefox-driver\4.20.0\selenium-firefox-driver-4.20.0.jar;C:\Users\Siddheshwar\.m2\repository\org\seleniumhq\selenium\selenium-http\4.20.0\selenium-http-4.20.0.jar;C:\Users\Siddheshwar\.m2\repository\dev\failsafe\failsafe\3.3.2\failsafe-3.3.2.jar;C:\Users\Siddheshwar\.m2\repository\org\seleniumhq\selenium\selenium-ie-driver\4.20.0\selenium-ie-driver-4.20.0.jar;C:\Users\Siddheshwar\.m2\repository\org\seleniumhq\selenium\selenium-remote-driver\4.20.0\selenium-remote-driver-4.20.0.jar;C:\Users\Siddheshwar\.m2\repository\com\google\guava\guava\33.1.0-jre\guava-33.1.0-jre.jar;C:\Users\Siddheshwar\.m2\repository\com\google\guava\failureaccess\1.0.2\failureaccess-1.0.2.jar;C:\Users\Siddheshwar\.m2\repository\com\google\guava\listenablefuture\9999.0-empty-to-avoid-conflict-with-guava\listenablefuture-9999.0-empty-to-avoid-conflict-with-guava.jar;C:\Users\Siddheshwar\.m2\repository\com\google\code\findbugs\jsr305\3.0.2\jsr305-3.0.2.jar;C:\Users\Siddheshwar\.m2\repository\org\checkerframework\checker-qual\3.42.0\checker-qual-3.42.0.jar;C:\Users\Siddheshwar\.m2\repository\com\google\errorprone\error_prone_annotations\2.26.1\error_prone_annotations-2.26.1.jar;C:\Users\Siddheshwar\.m2\repository\com\google\j2objc\j2objc-annotations\3.0.0\j2objc-annotations-3.0.0.jar;C:\Users\Siddheshwar\.m2\repository\io\opentelemetry\semconv\opentelemetry-semconv\1.25.0-alpha\opentelemetry-semconv-1.25.0-alpha.jar;C:\Users\Siddheshwar\.m2\repository\io\opentelemetry\opentelemetry-api\1.37.0\opentelemetry-api-1.37.0.jar;C:\Users\Siddheshwar\.m2\repository\io\opentelemetry\opentelemetry-context\1.37.0\opentelemetry-context-1.37.0.jar;C:\Users\Siddheshwar\.m2\repository\io\opentelemetry\opentelemetry-exporter-logging\1.37.0\opentelemetry-exporter-logging-1.37.0.jar;C:\Users\Siddheshwar\.m2\repository\io\opentelemetry\opentelemetry-sdk-common\1.37.0\opentelemetry-sdk-common-1.37.0.jar;C:\Users\Siddheshwar\.m2\repository\io\opentelemetry\opentelemetry-sdk-extension-autoconfigure-spi\1.37.0\opentelemetry-sdk-extension-autoconfigure-spi-1.37.0.jar;C:\Users\Siddheshwar\.m2\repository\io\opentelemetry\opentelemetry-sdk-extension-autoconfigure\1.37.0\opentelemetry-sdk-extension-autoconfigure-1.37.0.jar;C:\Users\Siddheshwar\.m2\repository\io\opentelemetry\opentelemetry-api-incubator\1.37.0-alpha\opentelemetry-api-incubator-1.37.0-alpha.jar;C:\Users\Siddheshwar\.m2\repository\io\opentelemetry\opentelemetry-sdk-trace\1.37.0\opentelemetry-sdk-trace-1.37.0.jar;C:\Users\Siddheshwar\.m2\repository\io\opentelemetry\opentelemetry-sdk\1.37.0\opentelemetry-sdk-1.37.0.jar;C:\Users\Siddheshwar\.m2\repository\io\opentelemetry\opentelemetry-sdk-metrics\1.37.0\opentelemetry-sdk-metrics-1.37.0.jar;C:\Users\Siddheshwar\.m2\repository\io\opentelemetry\opentelemetry-sdk-logs\1.37.0\opentelemetry-sdk-logs-1.37.0.jar;C:\Users\Siddheshwar\.m2\repository\net\bytebuddy\byte-buddy\1.14.14\byte-buddy-1.14.14.jar;C:\Users\Siddheshwar\.m2\repository\org\seleniumhq\selenium\selenium-os\4.20.0\selenium-os-4.20.0.jar;C:\Users\Siddheshwar\.m2\repository\org\apache\commons\commons-exec\1.4.0\commons-exec-1.4.0.jar;C:\Users\Siddheshwar\.m2\repository\org\seleniumhq\selenium\selenium-safari-driver\4.20.0\selenium-safari-driver-4.20.0.jar;C:\Users\Siddheshwar\.m2\repository\org\seleniumhq\selenium\selenium-support\4.20.0\selenium-support-4.20.0.jar;C:\Users\Siddheshwar\.m2\repository\org\apache\poi\poi\5.2.5\poi-5.2.5.jar;C:\Users\Siddheshwar\.m2\repository\commons-codec\commons-codec\1.16.0\commons-codec-1.16.0.jar;C:\Users\Siddheshwar\.m2\repository\org\apache\commons\commons-collections4\4.4\commons-collections4-4.4.jar;C:\Users\Siddheshwar\.m2\repository\org\apache\commons\commons-math3\3.6.1\commons-math3-3.6.1.jar;C:\Users\Siddheshwar\.m2\repository\com\zaxxer\SparseBitSet\1.3\SparseBitSet-1.3.jar;C:\Users\Siddheshwar\.m2\repository\org\apache\poi\poi-ooxml\5.2.5\poi-ooxml-5.2.5.jar;C:\Users\Siddheshwar\.m2\repository\org\apache\poi\poi-ooxml-lite\5.2.5\poi-ooxml-lite-5.2.5.jar;C:\Users\Siddheshwar\.m2\repository\org\apache\xmlbeans\xmlbeans\5.2.0\xmlbeans-5.2.0.jar;C:\Users\Siddheshwar\.m2\repository\org\apache\commons\commons-compress\1.25.0\commons-compress-1.25.0.jar;C:\Users\Siddheshwar\.m2\repository\com\github\virtuald\curvesapi\1.08\curvesapi-1.08.jar;C:\Users\Siddheshwar\.m2\repository\org\apache\logging\log4j\log4j-core\2.23.1\log4j-core-2.23.1.jar;C:\Users\Siddheshwar\.m2\repository\org\apache\logging\log4j\log4j-api\2.23.1\log4j-api-2.23.1.jar;C:\Users\Siddheshwar\.m2\repository\org\apache\logging\log4j\log4j-slf4j-impl\2.23.1\log4j-slf4j-impl-2.23.1.jar;C:\Users\Siddheshwar\.m2\repository\org\slf4j\slf4j-api\1.7.36\slf4j-api-1.7.36.jar;C:\Users\Siddheshwar\.m2\repository\com\aventstack\extentreports\5.1.1\extentreports-5.1.1.jar;C:\Users\Siddheshwar\.m2\repository\io\reactivex\rxjava3\rxjava\3.1.6\rxjava-3.1.6.jar;C:\Users\Siddheshwar\.m2\repository\org\reactivestreams\reactive-streams\1.0.4\reactive-streams-1.0.4.jar;C:\Users\Siddheshwar\.m2\repository\org\freemarker\freemarker\2.3.32\freemarker-2.3.32.jar;C:\Users\Siddheshwar\.m2\repository\org\projectlombok\lombok\1.18.26\lombok-1.18.26.jar;C:\Users\Siddheshwar\.m2\repository\com\google\code\gson\gson\2.10.1\gson-2.10.1.jar;C:\Users\Siddheshwar\.m2\repository\org\testng\testng\7.8.0\testng-7.8.0.jar;C:\Users\Siddheshwar\.m2\repository\com\beust\jcommander\1.82\jcommander-1.82.jar;C:\Users\Siddheshwar\.m2\repository\org\webjars\jquery\3.6.1\jquery-3.6.1.jar;C:\Users\Siddheshwar\.m2\repository\commons-io\commons-io\2.13.0\commons-io-2.13.0.jar;C:\Users\Siddheshwar\.m2\repository\org\apache\commons\commons-lang3\3.12.0\commons-lang3-3.12.0.jar;C:\Users\Siddheshwar\.m2\repository\org\apache\commons\commons-email\1.6.0\commons-email-1.6.0.jar;C:\Users\Siddheshwar\.m2\repository\com\sun\mail\jakarta.mail\1.6.7\jakarta.mail-1.6.7.jar;C:\Users\Siddheshwar\.m2\repository\com\sun\activation\jakarta.activation\1.2.1\jakarta.activation-1.2.1.jar
Launcher Type: SUN_STANDARD

[Global flags]
     intx CICompilerCount                          = 3                                         {product} {ergonomic}
     uint ConcGCThreads                            = 1                                         {product} {ergonomic}
     uint G1ConcRefinementThreads                  = 4                                         {product} {ergonomic}
   size_t G1HeapRegionSize                         = 1048576                                   {product} {ergonomic}
   size_t InitialHeapSize                          = 62914560                                  {product} {ergonomic}
   size_t MarkStackSize                            = 4194304                                   {product} {ergonomic}
   size_t MarkStackSizeMax                         = 536870912                                 {product} {ergonomic}
   size_t MaxHeapSize                              = 1006632960                                {product} {ergonomic}
   size_t MaxNewSize                               = 603979776                                 {product} {ergonomic}
   size_t MinHeapDeltaBytes                        = 1048576                                   {product} {ergonomic}
   size_t MinHeapSize                              = 8388608                                   {product} {ergonomic}
    uintx NonNMethodCodeHeapSize                   = 5832704                                {pd product} {ergonomic}
    uintx NonProfiledCodeHeapSize                  = 122945536                              {pd product} {ergonomic}
    uintx ProfiledCodeHeapSize                     = 122880000                              {pd product} {ergonomic}
    uintx ReservedCodeCacheSize                    = 251658240                              {pd product} {ergonomic}
     bool SegmentedCodeCache                       = true                                      {product} {ergonomic}
     bool ShowCodeDetailsInExceptionMessages       = true                                   {manageable} {command line}
   size_t SoftMaxHeapSize                          = 1006632960                             {manageable} {ergonomic}
     bool UseCompressedOops                        = true                           {product lp64_product} {ergonomic}
     bool UseG1GC                                  = true                                      {product} {ergonomic}
     bool UseLargePagesIndividualAllocation        = false                                  {pd product} {ergonomic}

Logging:
Log output configuration:
 #0: stdout all=warning uptime,level,tags foldmultilines=false
 #1: stderr all=off uptime,level,tags foldmultilines=false

Environment Variables:
JAVA_HOME=C:\Program Files\Java\jdk-24
PATH=C:/Users/Siddheshwar/.p2/pool/plugins/org.eclipse.justj.openjdk.hotspot.jre.full.win32.x86_64_21.0.7.v20250502-0916/jre/bin/server;C:/Users/Siddheshwar/.p2/pool/plugins/org.eclipse.justj.openjdk.hotspot.jre.full.win32.x86_64_21.0.7.v20250502-0916/jre/bin;C:\Python314\Scripts\;C:\Python314\;C:\Program Files\Common Files\Oracle\Java\javapath;C:\Program Files (x86)\Common Files\Oracle\Java\javapath;C:\Windows\system32;C:\Windows;C:\Windows\System32\Wbem;C:\Windows\System32\WindowsPowerShell\v1.0\;C:\Windows\System32\OpenSSH\;C:\Program Files\Java\jdk1.8.0_202\bin;C:\Program Files\Microsoft SQL Server\Client SDK\ODBC\170\Tools\Binn\;C:\Program Files (x86)\Microsoft SQL Server\150\Tools\Binn\;C:\Program Files\Microsoft SQL Server\150\Tools\Binn\;C:\Program Files\Microsoft SQL Server\150\DTS\Binn\;C:\Program Files (x86)\Microsoft SQL Server\150\DTS\Binn\;C:\Program Files\Azure Data Studio\bin;C:\ProgramData\chocolatey\bin;C:\Program Files\Git\cmd;C:\Program Files\Java\jdk-24\bin;C:\Program Files\nodejs\;C:\Program Files\MySQL\MySQL Shell 8.0\bin\;C:\Users\Siddheshwar\AppData\Local\Microsoft\WindowsApps;;C:\Program Files\Azure Data Studio\bin;C:\Users\Siddheshwar\AppData\Roaming\npm;C:\Users\Siddheshwar\OneDrive\Desktop;
USERNAME=Siddheshwar
OS=Windows_NT
PROCESSOR_IDENTIFIER=Intel64 Family 6 Model 126 Stepping 5, GenuineIntel
TMP=C:\Users\SIDDHE~1\AppData\Local\Temp
TEMP=C:\Users\SIDDHE~1\AppData\Local\Temp




Periodic native trim disabled

---------------  S Y S T E M  ---------------

OS:
 Windows 10 , 64 bit Build 19041 (10.0.19041.5915)
OS uptime: 1 days 5:14 hours

CPU: total 4 (initial active 4) (2 cores per cpu, 2 threads per core) family 6 model 126 stepping 5 microcode 0xa6, cx8, cmov, fxsr, ht, mmx, 3dnowpref, sse, sse2, sse3, ssse3, sse4.1, sse4.2, popcnt, lzcnt, tsc, tscinvbit, avx, avx2, aes, erms, clmul, bmi1, bmi2, adx, avx512f, avx512dq, avx512cd, avx512bw, avx512vl, sha, fma, vzeroupper, avx512_vpopcntdq, avx512_vpclmulqdq, avx512_vaes, avx512_vnni, clflush, clflushopt, avx512_vbmi2, avx512_vbmi, rdtscp, rdpid, fsrm, gfni, avx512_bitalg, f16c, pku, avx512_ifma
Processor Information for the first 4 processors :
  Max Mhz: 1190, Current Mhz: 1190, Mhz Limit: 1190

Memory: 4k page, system-wide physical 3838M (118M free)
TotalPageFile size 15614M (AvailPageFile size 11M)
current process WorkingSet (physical memory assigned to process): 121M, peak: 121M
current process commit charge ("private bytes"): 174M, peak: 182M

vm_info: Java HotSpot(TM) 64-Bit Server VM (24.0.2+12-54) for windows-amd64 JRE (24.0.2+12-54), built on 2025-07-08T12:10:27Z with MS VC++ 17.6 (VS2022)

END.
